<?xml version="1.0" encoding="UTF-8" ?>
<testsuite errors="0" failures="0" hostname="kjResearchMach1" name="net.sf.doodleproject.numerics4j.integration.SimpsonsIntegratorTest" tests="4" time="0.006" timestamp="2014-04-08T02:21:38">
  <properties>
    <property name="java.vendor" value="Oracle Corporation" />
    <property name="sun.java.launcher" value="SUN_STANDARD" />
    <property name="sun.management.compiler" value="HotSpot 64-Bit Tiered Compilers" />
    <property name="os.name" value="Linux" />
    <property name="sun.boot.class.path" value="/usr/lib/jvm/java-7-openjdk-amd64/jre/lib/resources.jar:/usr/lib/jvm/java-7-openjdk-amd64/jre/lib/rt.jar:/usr/lib/jvm/java-7-openjdk-amd64/jre/lib/sunrsasign.jar:/usr/lib/jvm/java-7-openjdk-amd64/jre/lib/jsse.jar:/usr/lib/jvm/java-7-openjdk-amd64/jre/lib/jce.jar:/usr/lib/jvm/java-7-openjdk-amd64/jre/lib/charsets.jar:/usr/lib/jvm/java-7-openjdk-amd64/jre/lib/netx.jar:/usr/lib/jvm/java-7-openjdk-amd64/jre/lib/plugin.jar:/usr/lib/jvm/java-7-openjdk-amd64/jre/lib/rhino.jar:/usr/lib/jvm/java-7-openjdk-amd64/jre/lib/jfr.jar:/usr/lib/jvm/java-7-openjdk-amd64/jre/classes" />
    <property name="sun.desktop" value="gnome" />
    <property name="java.vm.specification.vendor" value="Oracle Corporation" />
    <property name="ant.home" value="/home/hessahalkaoud/tools/major" />
    <property name="java.runtime.version" value="1.7.0_51-b00" />
    <property name="distdir" value="/home/hessahalkaoud/github/masters_project/source_code/numerics4j-1.2/dist" />
    <property name="user.name" value="hessahalkaoud" />
    <property name="proxy.host" value="" />
    <property name="user.language" value="en" />
    <property name="sun.boot.library.path" value="/usr/lib/jvm/java-7-openjdk-amd64/jre/lib/amd64" />
    <property name="ant.project.default-target" value="jar" />
    <property name="ant.file.type.numerics4j" value="file" />
    <property name="ant.project.name" value="numerics4j" />
    <property name="java.version" value="1.7.0_51" />
    <property name="user.timezone" value="" />
    <property name="sun.arch.data.model" value="64" />
    <property name="java.endorsed.dirs" value="/usr/lib/jvm/java-7-openjdk-amd64/jre/lib/endorsed" />
    <property name="sun.cpu.isalist" value="" />
    <property name="sun.jnu.encoding" value="UTF-8" />
    <property name="file.encoding.pkg" value="sun.io" />
    <property name="ant.file.numerics4j" value="/home/hessahalkaoud/github/masters_project/source_code/numerics4j-1.2/build.xml" />
    <property name="file.separator" value="/" />
    <property name="java.specification.name" value="Java Platform API Specification" />
    <property name="java.class.version" value="51.0" />
    <property name="user.country" value="US" />
    <property name="java.home" value="/usr/lib/jvm/java-7-openjdk-amd64/jre" />
    <property name="java.vm.info" value="mixed mode" />
    <property name="testclassesdir" value="/home/hessahalkaoud/github/masters_project/source_code/numerics4j-1.2/target/test-classes" />
    <property name="ant.file" value="/home/hessahalkaoud/github/masters_project/source_code/numerics4j-1.2/build.xml" />
    <property name="os.version" value="3.8.0-35-generic" />
    <property name="path.separator" value=":" />
    <property name="java.vm.version" value="24.45-b08" />
    <property name="mutOp" value=":NONE" />
    <property name="ant.library.dir" value="/home/hessahalkaoud/tools/major/lib" />
    <property name="java.awt.printerjob" value="sun.print.PSPrinterJob" />
    <property name="sun.io.unicode.encoding" value="UnicodeLittle" />
    <property name="testreportdir" value="/home/hessahalkaoud/github/masters_project/source_code/numerics4j-1.2/target/test-reports" />
    <property name="awt.toolkit" value="sun.awt.X11.XToolkit" />
    <property name="_jacoco.agentFile" value="/tmp/jacocoagent4839383878760431432.jar" />
    <property name="proxy.port" value="" />
    <property name="Junit.present" value="true" />
    <property name="defaulttargetdir" value="/home/hessahalkaoud/github/masters_project/source_code/numerics4j-1.2/target" />
    <property name="user.home" value="/home/hessahalkaoud" />
    <property name="proxy.password" value="" />
    <property name="java.specification.vendor" value="Oracle Corporation" />
    <property name="java.library.path" value="/usr/java/packages/lib/amd64:/usr/lib/x86_64-linux-gnu/jni:/lib/x86_64-linux-gnu:/usr/lib/x86_64-linux-gnu:/usr/lib/jni:/lib:/usr/lib" />
    <property name="java.vendor.url" value="http://java.oracle.com/" />
    <property name="java.vm.vendor" value="Oracle Corporation" />
    <property name="java.runtime.name" value="OpenJDK Runtime Environment" />
    <property name="sun.java.command" value="org.apache.tools.ant.taskdefs.optional.junit.JUnitTestRunner testsfile=/home/hessahalkaoud/github/masters_project/source_code/numerics4j-1.2/junittestcases86677953326049099.properties filtertrace=true haltOnError=true haltOnFailure=false formatter=org.apache.tools.ant.taskdefs.optional.junit.SummaryJUnitResultFormatter showoutput=false outputtoformatters=true logfailedtests=true logtestlistenerevents=false formatter=org.apache.tools.ant.taskdefs.optional.junit.XMLJUnitResultFormatter,/home/hessahalkaoud/github/masters_project/source_code/numerics4j-1.2/target/test-reports/IGNORETHIS.xml formatter=org.apache.tools.ant.taskdefs.optional.junit.PlainJUnitResultFormatter crashfile=/home/hessahalkaoud/github/masters_project/source_code/numerics4j-1.2/junitvmwatcher1931352537018407846.properties propsfile=/home/hessahalkaoud/github/masters_project/source_code/numerics4j-1.2/junit443729340592009816.properties" />
    <property name="java.class.path" value="/home/hessahalkaoud/github/masters_project/source_code/numerics4j-1.2/target/test-classes:/home/hessahalkaoud/github/masters_project/source_code/numerics4j-1.2/target/classes:/home/hessahalkaoud/tools/major/config/config.jar:/home/hessahalkaoud/tools/javancss-32.53/lib/ccl.jar:/home/hessahalkaoud/tools/javancss-32.53/lib/jhbasic.jar:/home/hessahalkaoud/tools/javancss-32.53/lib/javancss.jar:/home/hessahalkaoud/tools/javancss-32.53/lib/swingall.jar:/home/hessahalkaoud/tools/yfiles-2.10.1.1-complete-eval/lib/y.jar:/home/hessahalkaoud/tools/yfiles-2.10.1.1-complete-eval/tutorial/lib/csvjdbc.jar:/home/hessahalkaoud/tools/major/lib/junit-3.8.2.jar:/home/hessahalkaoud/tools/major/lib/ant-launcher.jar:/home/hessahalkaoud/tools/major/lib/ant.jar:/home/hessahalkaoud/tools/major/lib/ant-junit.jar:/home/hessahalkaoud/tools/major/lib/ant-junit4.jar:/tmp/jacocoagent4839383878760431432.jar" />
    <property name="ant.version" value="Apache Ant(TM) version 1.8.4-Major-v1.1.0 compiled on January 28 2014" />
    <property name="java.vm.specification.name" value="Java Virtual Machine Specification" />
    <property name="ant.file.type" value="file" />
    <property name="java.vm.specification.version" value="1.7" />
    <property name="sun.cpu.endian" value="little" />
    <property name="sun.os.patch.level" value="unknown" />
    <property name="java.io.tmpdir" value="/tmp" />
    <property name="proxy.username" value="" />
    <property name="java.vendor.url.bug" value="http://bugreport.sun.com/bugreport/" />
    <property name="os.arch" value="amd64" />
    <property name="java.awt.graphicsenv" value="sun.awt.X11GraphicsEnvironment" />
    <property name="java.ext.dirs" value="/usr/lib/jvm/java-7-openjdk-amd64/jre/lib/ext:/usr/java/packages/lib/ext" />
    <property name="javadocdir" value="/home/hessahalkaoud/github/masters_project/source_code/numerics4j-1.2/dist/docs/api" />
    <property name="user.dir" value="/home/hessahalkaoud/github/masters_project/source_code/numerics4j-1.2" />
    <property name="libdir" value="/home/hessahalkaoud/.maven/repository" />
    <property name="line.separator" value="&#xa;" />
    <property name="java.vm.name" value="OpenJDK 64-Bit Server VM" />
    <property name="basedir" value="." />
    <property name="ant.java.version" value="1.7" />
    <property name="classesdir" value="/home/hessahalkaoud/github/masters_project/source_code/numerics4j-1.2/target/classes" />
    <property name="ant.core.lib" value="/home/hessahalkaoud/tools/major/lib/ant.jar" />
    <property name="file.encoding" value="UTF-8" />
    <property name="final.name" value="numerics4j-1.2" />
    <property name="java.specification.version" value="1.7" />
    <property name="ant.project.invoked-targets" value="clean,jacoco.report" />
  </properties>
  <testcase classname="net.sf.doodleproject.numerics4j.integration.SimpsonsIntegratorTest" name="testConstructor" time="0.0" />
  <testcase classname="net.sf.doodleproject.numerics4j.integration.SimpsonsIntegratorTest" name="testFindRoot" time="0.001" />
  <testcase classname="net.sf.doodleproject.numerics4j.integration.SimpsonsIntegratorTest" name="testMaximumIterations" time="0.0" />
  <testcase classname="net.sf.doodleproject.numerics4j.integration.SimpsonsIntegratorTest" name="testMaximumRelativeError" time="0.0" />
  <system-out><![CDATA[]]></system-out>
  <system-err><![CDATA[]]></system-err>
</testsuite>
