<?xml version="1.0" encoding="UTF-8" ?>
<testsuite errors="0" failures="0" hostname="kjResearchMach1" name="gnu.trove.impl.PrimeFinderTest" tests="1" time="0.002" timestamp="2014-04-12T21:08:59">
  <properties>
    <property name="java.vendor" value="Oracle Corporation" />
    <property name="sun.java.launcher" value="SUN_STANDARD" />
    <property name="sun.management.compiler" value="HotSpot 64-Bit Tiered Compilers" />
    <property name="test_src" value="test" />
    <property name="lib" value="lib" />
    <property name="os.name" value="Linux" />
    <property name="output.dest" value="output/classes" />
    <property name="sun.boot.class.path" value="/usr/lib/jvm/java-7-openjdk-amd64/jre/lib/resources.jar:/usr/lib/jvm/java-7-openjdk-amd64/jre/lib/rt.jar:/usr/lib/jvm/java-7-openjdk-amd64/jre/lib/sunrsasign.jar:/usr/lib/jvm/java-7-openjdk-amd64/jre/lib/jsse.jar:/usr/lib/jvm/java-7-openjdk-amd64/jre/lib/jce.jar:/usr/lib/jvm/java-7-openjdk-amd64/jre/lib/charsets.jar:/usr/lib/jvm/java-7-openjdk-amd64/jre/lib/netx.jar:/usr/lib/jvm/java-7-openjdk-amd64/jre/lib/plugin.jar:/usr/lib/jvm/java-7-openjdk-amd64/jre/lib/rhino.jar:/usr/lib/jvm/java-7-openjdk-amd64/jre/lib/jfr.jar:/usr/lib/jvm/java-7-openjdk-amd64/jre/classes:/home/hessahalkaoud/tools/major/bin/../config/config.jar" />
    <property name="TODAY" value="April 12 2014" />
    <property name="sun.desktop" value="gnome" />
    <property name="ant.file.Trove4j" value="/home/hessahalkaoud/github/masters_project/source_code/trove-3.0.3/3.0.3/build.xml" />
    <property name="java.vm.specification.vendor" value="Oracle Corporation" />
    <property name="ant.home" value="/home/hessahalkaoud/tools/major" />
    <property name="java.runtime.version" value="1.7.0_51-b00" />
    <property name="templates" value="templates" />
    <property name="output.generated" value="output/gen_src" />
    <property name="user.name" value="hessahalkaoud" />
    <property name="debug" value="on" />
    <property name="fullVersion" value="build time 140412150246" />
    <property name="user.language" value="en" />
    <property name="sun.boot.library.path" value="/usr/lib/jvm/java-7-openjdk-amd64/jre/lib/amd64" />
    <property name="ant.project.default-target" value="jar" />
    <property name="generator_test" value="generator_test" />
    <property name="ant.project.name" value="Trove4j" />
    <property name="DSTAMP" value="20140412" />
    <property name="java.version" value="1.7.0_51" />
    <property name="version" value="3.0.3" />
    <property name="user.timezone" value="" />
    <property name="sun.arch.data.model" value="64" />
    <property name="output.lib" value="output/lib" />
    <property name="java.endorsed.dirs" value="/usr/lib/jvm/java-7-openjdk-amd64/jre/lib/endorsed" />
    <property name="sun.cpu.isalist" value="" />
    <property name="generator_src" value="generator_src" />
    <property name="sun.jnu.encoding" value="UTF-8" />
    <property name="file.encoding.pkg" value="sun.io" />
    <property name="output.tmp" value="output/tmp" />
    <property name="file.separator" value="/" />
    <property name="java.specification.name" value="Java Platform API Specification" />
    <property name="java.class.version" value="51.0" />
    <property name="src" value="src" />
    <property name="user.country" value="US" />
    <property name="output.benchmarks" value="output/benchmark_classes" />
    <property name="java.home" value="/usr/lib/jvm/java-7-openjdk-amd64/jre" />
    <property name="java.vm.info" value="mixed mode" />
    <property name="ant.file" value="/home/hessahalkaoud/github/masters_project/source_code/trove-3.0.3/3.0.3/build.xml" />
    <property name="os.version" value="3.8.0-35-generic" />
    <property name="output.tests" value="output/test_classes" />
    <property name="path.separator" value=":" />
    <property name="java.vm.version" value="24.45-b08" />
    <property name="mutOp" value=":ALL" />
    <property name="ant.library.dir" value="/home/hessahalkaoud/tools/major/lib" />
    <property name="output.dir" value="output" />
    <property name="java.awt.printerjob" value="sun.print.PSPrinterJob" />
    <property name="sun.io.unicode.encoding" value="UnicodeLittle" />
    <property name="awt.toolkit" value="sun.awt.X11.XToolkit" />
    <property name="user.home" value="/home/hessahalkaoud" />
    <property name="output.generator_classes" value="output/generator_classes" />
    <property name="java.specification.vendor" value="Oracle Corporation" />
    <property name="dist.root" value="output/dist" />
    <property name="java.library.path" value="/usr/java/packages/lib/amd64:/usr/lib/x86_64-linux-gnu/jni:/lib/x86_64-linux-gnu:/usr/lib/x86_64-linux-gnu:/usr/lib/jni:/lib:/usr/lib" />
    <property name="name" value="trove" />
    <property name="java.vendor.url" value="http://java.oracle.com/" />
    <property name="output.javadocs" value="output/javadocs" />
    <property name="java.vm.vendor" value="Oracle Corporation" />
    <property name="java.runtime.name" value="OpenJDK Runtime Environment" />
    <property name="sun.java.command" value="/home/hessahalkaoud/tools/major/bin/../lib/ant-launcher.jar -DmutOp=:ALL clean compile mutation-test" />
    <property name="java.class.path" value="/home/hessahalkaoud/tools/major/bin/../lib/ant-launcher.jar:/home/hessahalkaoud/.ant/lib/org.jacoco.agent-0.7.0.201403182114.jar:/home/hessahalkaoud/.ant/lib/org.jacoco.report-0.7.0.201403182114.jar:/home/hessahalkaoud/.ant/lib/jacocoant.jar:/home/hessahalkaoud/.ant/lib/org.jacoco.ant-0.7.0.201403182114.jar:/home/hessahalkaoud/.ant/lib/asm-4.1.jar:/home/hessahalkaoud/.ant/lib/org.jacoco.core-0.7.0.201403182114.jar:/home/hessahalkaoud/.ant/lib/org.jacoco.ant-0.7.0.201403182114-nodeps.jar:/home/hessahalkaoud/.ant/lib/pitest-ant-0.32.jar:/home/hessahalkaoud/.ant/lib/pitest-0.32.jar:/home/hessahalkaoud/.ant/lib/ivy.jar:/home/hessahalkaoud/tools/major/lib/ant-javamail.jar:/home/hessahalkaoud/tools/major/lib/mmlc.jar:/home/hessahalkaoud/tools/major/lib/ant-apache-log4j.jar:/home/hessahalkaoud/tools/major/lib/ant-launcher.jar:/home/hessahalkaoud/tools/major/lib/junit-4.8.1.jar:/home/hessahalkaoud/tools/major/lib/javac.jar:/home/hessahalkaoud/tools/major/lib/junit-3.8.2.jar:/home/hessahalkaoud/tools/major/lib/ant-commons-logging.jar:/home/hessahalkaoud/tools/major/lib/ant-jai.jar:/home/hessahalkaoud/tools/major/lib/ant-apache-bcel.jar:/home/hessahalkaoud/tools/major/lib/ant-bootstrap.jar:/home/hessahalkaoud/tools/major/lib/ant-jsch.jar:/home/hessahalkaoud/tools/major/lib/ant-jdepend.jar:/home/hessahalkaoud/tools/major/lib/ant-netrexx.jar:/home/hessahalkaoud/tools/major/lib/ant-contrib.jar:/home/hessahalkaoud/tools/major/lib/ant-commons-net.jar:/home/hessahalkaoud/tools/major/lib/ant-testutil.jar:/home/hessahalkaoud/tools/major/lib/ant-jmf.jar:/home/hessahalkaoud/tools/major/lib/ant-apache-bsf.jar:/home/hessahalkaoud/tools/major/lib/ant-apache-resolver.jar:/home/hessahalkaoud/tools/major/lib/ant.jar:/home/hessahalkaoud/tools/major/lib/ant-antlr.jar:/home/hessahalkaoud/tools/major/lib/ant-swing.jar:/home/hessahalkaoud/tools/major/lib/ant-apache-regexp.jar:/home/hessahalkaoud/tools/major/lib/ant-apache-oro.jar:/home/hessahalkaoud/tools/major/lib/ant-apache-xalan2.jar:/home/hessahalkaoud/tools/major/lib/ant-junit4.jar:/home/hessahalkaoud/tools/major/lib/ant-junit.jar:/usr/lib/jvm/java-7-openjdk-amd64/lib/tools.jar" />
    <property name="year" value="2001-2011" />
    <property name="ant.version" value="Apache Ant(TM) version 1.8.4-Major-v1.1.0 compiled on January 28 2014" />
    <property name="jar_name" value="trove.jar" />
    <property name="TSTAMP" value="1502" />
    <property name="java.vm.specification.name" value="Java Virtual Machine Specification" />
    <property name="idea" value="idea" />
    <property name="ant.file.type" value="file" />
    <property name="java.vm.specification.version" value="1.7" />
    <property name="sun.os.patch.level" value="unknown" />
    <property name="sun.cpu.endian" value="little" />
    <property name="java.io.tmpdir" value="/tmp" />
    <property name="java.vendor.url.bug" value="http://bugreport.sun.com/bugreport/" />
    <property name="ant.file.type.Trove4j" value="file" />
    <property name="Name" value="Trove" />
    <property name="os.arch" value="amd64" />
    <property name="java.awt.graphicsenv" value="sun.awt.X11GraphicsEnvironment" />
    <property name="java.ext.dirs" value="/usr/lib/jvm/java-7-openjdk-amd64/jre/lib/ext:/usr/java/packages/lib/ext" />
    <property name="user.dir" value="/home/hessahalkaoud/github/masters_project/source_code/trove-3.0.3/3.0.3" />
    <property name="line.separator" value="&#xa;" />
    <property name="java.vm.name" value="OpenJDK 64-Bit Server VM" />
    <property name="deprecation" value="on" />
    <property name="basedir" value="/home/hessahalkaoud/github/masters_project/source_code/trove-3.0.3/3.0.3" />
    <property name="ant.java.version" value="1.7" />
    <property name="ant.core.lib" value="/home/hessahalkaoud/tools/major/lib/ant.jar" />
    <property name="file.encoding" value="UTF-8" />
    <property name="java.specification.version" value="1.7" />
    <property name="ant.project.invoked-targets" value="clean,compile,mutation-test" />
  </properties>
  <testcase classname="gnu.trove.impl.PrimeFinderTest" name="testPrimeFinder" time="0.001" />
  <system-out><![CDATA[]]></system-out>
  <system-err><![CDATA[]]></system-err>
</testsuite>
